0 verbose cli /opt/homebrew/Cellar/node@22/22.16.0/bin/node /opt/homebrew/opt/node@22/bin/npm
1 info using npm@10.9.2
2 info using node@v22.16.0
3 silly config load:file:/opt/homebrew/Cellar/node@22/22.16.0/lib/node_modules/npm/npmrc
4 silly config load:file:/Users/cepl/Desktop/personalProjects/rmnpj/.npmrc
5 silly config load:file:/Users/cepl/.npmrc
6 silly config load:file:/opt/homebrew/etc/npmrc
7 verbose title npm run start:Dev
8 verbose argv "run" "start:Dev"
9 verbose logfile logs-max:10 dir:/Users/cepl/Desktop/personalProjects/rmnpj/.npm-cache/_logs/2025-09-19T08_25_54_487Z-
10 verbose logfile /Users/cepl/Desktop/personalProjects/rmnpj/.npm-cache/_logs/2025-09-19T08_25_54_487Z-debug-0.log
11 silly logfile done cleaning log files
12 verbose stack Error: Missing script: "start:Dev"
12 verbose stack
12 verbose stack Did you mean this?
12 verbose stack   npm run start:dev # run the "start:dev" package script
12 verbose stack
12 verbose stack To see a list of scripts, run:
12 verbose stack   npm run
12 verbose stack     at #run (/opt/homebrew/Cellar/node@22/22.16.0/lib/node_modules/npm/lib/commands/run-script.js:111:13)
12 verbose stack     at async RunScript.exec (/opt/homebrew/Cellar/node@22/22.16.0/lib/node_modules/npm/lib/commands/run-script.js:40:7)
12 verbose stack     at async Npm.exec (/opt/homebrew/Cellar/node@22/22.16.0/lib/node_modules/npm/lib/npm.js:207:9)
12 verbose stack     at async module.exports (/opt/homebrew/Cellar/node@22/22.16.0/lib/node_modules/npm/lib/cli/entry.js:74:5)
13 error Missing script: "start:Dev"
13 error
13 error Did you mean this?
13 error   npm run start:dev # run the "start:dev" package script
13 error
13 error To see a list of scripts, run:
13 error   npm run
14 verbose cwd /Users/cepl/Desktop/personalProjects/rmnpj
15 verbose os Darwin 23.6.0
16 verbose node v22.16.0
17 verbose npm  v10.9.2
18 verbose exit 1
19 verbose code 1
20 error A complete log of this run can be found in: /Users/cepl/Desktop/personalProjects/rmnpj/.npm-cache/_logs/2025-09-19T08_25_54_487Z-debug-0.log
