0 verbose cli /opt/homebrew/Cellar/node@22/22.16.0/bin/node /opt/homebrew/opt/node@22/bin/npm
1 info using npm@10.9.2
2 info using node@v22.16.0
3 silly config load:file:/opt/homebrew/Cellar/node@22/22.16.0/lib/node_modules/npm/npmrc
4 silly config load:file:/Users/cepl/Desktop/personalProjects/rmnpj/.npmrc
5 silly config load:file:/Users/cepl/.npmrc
6 silly config load:file:/opt/homebrew/etc/npmrc
7 verbose title npm install
8 verbose argv "install"
9 verbose logfile logs-max:10 dir:/Users/cepl/Desktop/personalProjects/rmnpj/.npm-cache/_logs/2025-09-19T08_21_09_704Z-
10 verbose logfile /Users/cepl/Desktop/personalProjects/rmnpj/.npm-cache/_logs/2025-09-19T08_21_09_704Z-debug-0.log
11 silly logfile done cleaning log files
12 silly packumentCache heap:4345298944 maxSize:1086324736 maxEntrySize:543162368
13 silly idealTree buildDeps
14 silly reify moves {}
15 silly audit bulk request {
15 silly audit   '@angular-devkit/core': [ '17.3.11' ],
15 silly audit   rxjs: [ '7.8.1', '7.8.2' ],
15 silly audit   '@angular-devkit/schematics': [ '17.3.11' ],
15 silly audit   '@angular-devkit/schematics-cli': [ '17.3.11' ],
15 silly audit   chalk: [ '5.6.2', '4.1.2' ],
15 silly audit   'cli-width': [ '4.1.0', '3.0.0' ],
15 silly audit   inquirer: [ '9.2.15', '8.2.6' ],
15 silly audit   'mute-stream': [ '1.0.0', '0.0.8' ],
15 silly audit   'run-async': [ '3.0.0', '2.4.1' ],
15 silly audit   '@babel/code-frame': [ '7.27.1' ],
15 silly audit   '@babel/helper-validator-identifier': [ '7.27.1' ],
15 silly audit   '@borewit/text-codec': [ '0.1.1' ],
15 silly audit   '@colors/colors': [ '1.5.0' ],
15 silly audit   '@cspotcode/source-map-support': [ '0.8.1' ],
15 silly audit   '@eslint-community/eslint-utils': [ '4.9.0' ],
15 silly audit   '@eslint-community/regexpp': [ '4.12.1' ],
15 silly audit   '@eslint/eslintrc': [ '2.1.4' ],
15 silly audit   ajv: [ '6.12.6', '8.12.0' ],
15 silly audit   debug: [ '4.4.3', '2.6.9' ],
15 silly audit   'json-schema-traverse': [ '0.4.1', '1.0.0' ],
15 silly audit   ms: [ '2.1.3', '2.0.0' ],
15 silly audit   '@eslint/js': [ '8.57.1' ],
15 silly audit   '@humanwhocodes/config-array': [ '0.13.0' ],
15 silly audit   '@humanwhocodes/module-importer': [ '1.0.1' ],
15 silly audit   '@humanwhocodes/object-schema': [ '2.0.3' ],
15 silly audit   '@isaacs/cliui': [ '8.0.2' ],
15 silly audit   'ansi-regex': [ '6.2.2', '5.0.1' ],
15 silly audit   'ansi-styles': [ '6.2.3', '4.3.0' ],
15 silly audit   'emoji-regex': [ '9.2.2', '8.0.0' ],
15 silly audit   'string-width': [ '5.1.2', '4.2.3' ],
15 silly audit   'strip-ansi': [ '7.1.2', '6.0.1' ],
15 silly audit   'wrap-ansi': [ '8.1.0', '6.2.0', '7.0.0' ],
15 silly audit   '@jridgewell/gen-mapping': [ '0.3.13' ],
15 silly audit   '@jridgewell/trace-mapping': [ '0.3.31', '0.3.9' ],
15 silly audit   '@jridgewell/resolve-uri': [ '3.1.2' ],
15 silly audit   '@jridgewell/source-map': [ '0.3.11' ],
15 silly audit   '@jridgewell/sourcemap-codec': [ '1.5.5' ],
15 silly audit   '@ljharb/through': [ '2.3.14' ],
15 silly audit   '@lukeed/csprng': [ '1.1.0' ],
15 silly audit   '@nestjs/cli': [ '10.4.9' ],
15 silly audit   typescript: [ '5.7.2', '5.9.2' ],
15 silly audit   '@nestjs/common': [ '10.4.20' ],
15 silly audit   '@nestjs/config': [ '3.3.0' ],
15 silly audit   '@nestjs/core': [ '10.4.20' ],
15 silly audit   '@nestjs/platform-express': [ '10.4.20' ],
15 silly audit   '@nestjs/schematics': [ '10.2.3' ],
15 silly audit   'jsonc-parser': [ '3.3.1', '3.2.1' ],
15 silly audit   '@nestjs/testing': [ '10.4.20' ],
15 silly audit   '@nodelib/fs.scandir': [ '2.1.5' ],
15 silly audit   '@nodelib/fs.stat': [ '2.0.5' ],
15 silly audit   '@nodelib/fs.walk': [ '1.2.8' ],
15 silly audit   '@nuxtjs/opencollective': [ '0.3.2' ],
15 silly audit   '@pkgjs/parseargs': [ '0.11.0' ],
15 silly audit   '@pkgr/core': [ '0.2.9' ],
15 silly audit   '@supabase/auth-js': [ '2.71.1' ],
15 silly audit   '@supabase/functions-js': [ '2.4.6' ],
15 silly audit   '@supabase/node-fetch': [ '2.6.15' ],
15 silly audit   '@supabase/postgrest-js': [ '1.21.4' ],
15 silly audit   '@supabase/realtime-js': [ '2.15.5' ],
15 silly audit   '@supabase/storage-js': [ '2.12.1' ],
15 silly audit   '@supabase/supabase-js': [ '2.57.4' ],
15 silly audit   '@tokenizer/inflate': [ '0.2.7' ],
15 silly audit   '@tokenizer/token': [ '0.3.0' ],
15 silly audit   '@tsconfig/node10': [ '1.0.11' ],
15 silly audit   '@tsconfig/node12': [ '1.0.11' ],
15 silly audit   '@tsconfig/node14': [ '1.0.3' ],
15 silly audit   '@tsconfig/node16': [ '1.0.4' ],
15 silly audit   '@types/eslint': [ '9.6.1' ],
15 silly audit   '@types/eslint-scope': [ '3.7.7' ],
15 silly audit   '@types/estree': [ '1.0.8' ],
15 silly audit   '@types/json-schema': [ '7.0.15' ],
15 silly audit   '@types/node': [ '20.19.17' ],
15 silly audit   '@types/phoenix': [ '1.6.6' ],
15 silly audit   '@types/validator': [ '13.15.3' ],
15 silly audit   '@types/ws': [ '8.18.1' ],
15 silly audit   '@ungap/structured-clone': [ '1.3.0' ],
15 silly audit   '@webassemblyjs/ast': [ '1.14.1' ],
15 silly audit   '@webassemblyjs/floating-point-hex-parser': [ '1.13.2' ],
15 silly audit   '@webassemblyjs/helper-api-error': [ '1.13.2' ],
15 silly audit   '@webassemblyjs/helper-buffer': [ '1.14.1' ],
15 silly audit   '@webassemblyjs/helper-numbers': [ '1.13.2' ],
15 silly audit   '@webassemblyjs/helper-wasm-bytecode': [ '1.13.2' ],
15 silly audit   '@webassemblyjs/helper-wasm-section': [ '1.14.1' ],
15 silly audit   '@webassemblyjs/ieee754': [ '1.13.2' ],
15 silly audit   '@webassemblyjs/leb128': [ '1.13.2' ],
15 silly audit   '@webassemblyjs/utf8': [ '1.13.2' ],
15 silly audit   '@webassemblyjs/wasm-edit': [ '1.14.1' ],
15 silly audit   '@webassemblyjs/wasm-gen': [ '1.14.1' ],
15 silly audit   '@webassemblyjs/wasm-opt': [ '1.14.1' ],
15 silly audit   '@webassemblyjs/wasm-parser': [ '1.14.1' ],
15 silly audit   '@webassemblyjs/wast-printer': [ '1.14.1' ],
15 silly audit   '@xtuc/ieee754': [ '1.2.0' ],
15 silly audit   '@xtuc/long': [ '4.2.2' ],
15 silly audit   accepts: [ '1.3.8' ],
15 silly audit   acorn: [ '8.15.0' ],
15 silly audit   'acorn-jsx': [ '5.3.2' ],
15 silly audit   'acorn-walk': [ '8.3.4' ],
15 silly audit   'ajv-formats': [ '2.1.1' ],
15 silly audit   'ajv-keywords': [ '5.1.0', '3.5.2' ],
15 silly audit   'ansi-colors': [ '4.1.3' ],
15 silly audit   'ansi-escapes': [ '4.3.2' ],
15 silly audit   'type-fest': [ '0.21.3', '0.20.2' ],
15 silly audit   anymatch: [ '3.1.3' ],
15 silly audit   picomatch: [ '2.3.1', '4.0.1' ],
15 silly audit   'append-field': [ '1.0.0' ],
15 silly audit   arg: [ '4.1.3' ],
15 silly audit   argparse: [ '2.0.1' ],
15 silly audit   'array-flatten': [ '1.1.1' ],
15 silly audit   'array-timsort': [ '1.0.3' ],
15 silly audit   'balanced-match': [ '1.0.2' ],
15 silly audit   'base64-js': [ '1.5.1' ],
15 silly audit   'baseline-browser-mapping': [ '2.8.6' ],
15 silly audit   'binary-extensions': [ '2.3.0' ],
15 silly audit   bl: [ '4.1.0' ],
15 silly audit   'body-parser': [ '1.20.3' ],
15 silly audit   'brace-expansion': [ '1.1.12', '2.0.2' ],
15 silly audit   braces: [ '3.0.3' ],
15 silly audit   browserslist: [ '4.26.2' ],
15 silly audit   buffer: [ '5.7.1' ],
15 silly audit   'buffer-from': [ '1.1.2' ],
15 silly audit   busboy: [ '1.6.0' ],
15 silly audit   bytes: [ '3.1.2' ],
15 silly audit   'call-bind': [ '1.0.8' ],
15 silly audit   'call-bind-apply-helpers': [ '1.0.2' ],
15 silly audit   'call-bound': [ '1.0.4' ],
15 silly audit   callsites: [ '3.1.0' ],
15 silly audit   'caniuse-lite': [ '1.0.30001743' ],
15 silly audit   chardet: [ '0.7.0' ],
15 silly audit   chokidar: [ '3.6.0' ],
15 silly audit   'chrome-trace-event': [ '1.0.4' ],
15 silly audit   'class-transformer': [ '0.5.1' ],
15 silly audit   'class-validator': [ '0.14.2' ],
15 silly audit   'cli-cursor': [ '3.1.0' ],
15 silly audit   'cli-spinners': [ '2.9.2' ],
15 silly audit   'cli-table3': [ '0.6.5' ],
15 silly audit   clone: [ '1.0.4' ],
15 silly audit   'color-convert': [ '2.0.1' ],
15 silly audit   'color-name': [ '1.1.4' ],
15 silly audit   commander: [ '4.1.1', '2.20.3' ],
15 silly audit   'comment-json': [ '4.2.5' ],
15 silly audit   'concat-map': [ '0.0.1' ],
15 silly audit   'concat-stream': [ '2.0.0' ],
15 silly audit   consola: [ '2.15.3' ],
15 silly audit   'content-disposition': [ '0.5.4' ],
15 silly audit   'content-type': [ '1.0.5' ],
15 silly audit   cookie: [ '0.7.1' ],
15 silly audit   'cookie-signature': [ '1.0.6' ],
15 silly audit   'core-util-is': [ '1.0.3' ],
15 silly audit   cors: [ '2.8.5' ],
15 silly audit   cosmiconfig: [ '8.3.6' ],
15 silly audit   'create-require': [ '1.1.1' ],
15 silly audit   'cross-spawn': [ '7.0.6' ],
15 silly audit   'deep-is': [ '0.1.4' ],
15 silly audit   deepmerge: [ '4.3.1' ],
15 silly audit   defaults: [ '1.0.4' ],
15 silly audit   'define-data-property': [ '1.1.4' ],
15 silly audit   depd: [ '2.0.0' ],
15 silly audit   destroy: [ '1.2.0' ],
15 silly audit   diff: [ '4.0.2' ],
15 silly audit   doctrine: [ '3.0.0' ],
15 silly audit   dotenv: [ '16.4.5' ],
15 silly audit   'dotenv-expand': [ '10.0.0' ],
15 silly audit   'dunder-proto': [ '1.0.1' ],
15 silly audit   eastasianwidth: [ '0.2.0' ],
15 silly audit   'ee-first': [ '1.1.1' ],
15 silly audit   'electron-to-chromium': [ '1.5.222' ],
15 silly audit   encodeurl: [ '2.0.0', '1.0.2' ],
15 silly audit   'enhanced-resolve': [ '5.18.3' ],
15 silly audit   'error-ex': [ '1.3.4' ],
15 silly audit   'es-define-property': [ '1.0.1' ],
15 silly audit   'es-errors': [ '1.3.0' ],
15 silly audit   'es-module-lexer': [ '1.7.0' ],
15 silly audit   'es-object-atoms': [ '1.1.1' ],
15 silly audit   escalade: [ '3.2.0' ],
15 silly audit   'escape-html': [ '1.0.3' ],
15 silly audit   'escape-string-regexp': [ '4.0.0', '1.0.5' ],
15 silly audit   eslint: [ '8.57.1' ],
15 silly audit   'eslint-config-prettier': [ '9.1.2' ],
15 silly audit   'eslint-plugin-prettier': [ '5.5.4' ],
15 silly audit   'eslint-scope': [ '7.2.2', '5.1.1' ],
15 silly audit   'eslint-visitor-keys': [ '3.4.3' ],
15 silly audit   'glob-parent': [ '6.0.2', '5.1.2' ],
15 silly audit   espree: [ '9.6.1' ],
15 silly audit   esprima: [ '4.0.1' ],
15 silly audit   esquery: [ '1.6.0' ],
15 silly audit   esrecurse: [ '4.3.0' ],
15 silly audit   estraverse: [ '5.3.0', '4.3.0' ],
15 silly audit   esutils: [ '2.0.3' ],
15 silly audit   etag: [ '1.8.1' ],
15 silly audit   events: [ '3.3.0' ],
15 silly audit   express: [ '4.21.2' ],
15 silly audit   'path-to-regexp': [ '0.1.12', '3.3.0' ],
15 silly audit   'external-editor': [ '3.1.0' ],
15 silly audit   'fast-deep-equal': [ '3.1.3' ],
15 silly audit   'fast-diff': [ '1.3.0' ],
15 silly audit   'fast-json-stable-stringify': [ '2.1.0' ],
15 silly audit   'fast-levenshtein': [ '2.0.6' ],
15 silly audit   'fast-safe-stringify': [ '2.1.1' ],
15 silly audit   fastq: [ '1.19.1' ],
15 silly audit   fflate: [ '0.8.2' ],
15 silly audit   figures: [ '3.2.0' ],
15 silly audit   'file-entry-cache': [ '6.0.1' ],
15 silly audit   'file-type': [ '20.4.1' ],
15 silly audit   'fill-range': [ '7.1.1' ],
15 silly audit   finalhandler: [ '1.3.1' ],
15 silly audit   'find-up': [ '5.0.0' ],
15 silly audit   'flat-cache': [ '3.2.0' ],
15 silly audit   flatted: [ '3.3.3' ],
15 silly audit   'foreground-child': [ '3.3.1' ],
15 silly audit   'fork-ts-checker-webpack-plugin': [ '9.0.2' ],
15 silly audit   forwarded: [ '0.2.0' ],
15 silly audit   fresh: [ '0.5.2' ],
15 silly audit   'fs-extra': [ '10.1.0' ],
15 silly audit   'fs-monkey': [ '1.1.0' ],
15 silly audit   'fs.realpath': [ '1.0.0' ],
15 silly audit   fsevents: [ '2.3.3' ],
15 silly audit   'function-bind': [ '1.1.2' ],
15 silly audit   'get-intrinsic': [ '1.3.0' ],
15 silly audit   'get-proto': [ '1.0.1' ],
15 silly audit   glob: [ '10.4.5', '7.2.3' ],
15 silly audit   'glob-to-regexp': [ '0.4.1' ],
15 silly audit   minimatch: [ '9.0.5', '3.1.2' ],
15 silly audit   globals: [ '13.24.0' ],
15 silly audit   gopd: [ '1.2.0' ],
15 silly audit   'graceful-fs': [ '4.2.11' ],
15 silly audit   graphemer: [ '1.4.0' ],
15 silly audit   'has-flag': [ '4.0.0' ],
15 silly audit   'has-own-prop': [ '2.0.0' ],
15 silly audit   'has-property-descriptors': [ '1.0.2' ],
15 silly audit   'has-symbols': [ '1.1.0' ],
15 silly audit   hasown: [ '2.0.2' ],
15 silly audit   'http-errors': [ '2.0.0' ],
15 silly audit   'iconv-lite': [ '0.4.24' ],
15 silly audit   ieee754: [ '1.2.1' ],
15 silly audit   ignore: [ '5.3.2' ],
15 silly audit   'import-fresh': [ '3.3.1' ],
15 silly audit   imurmurhash: [ '0.1.4' ],
15 silly audit   inflight: [ '1.0.6' ],
15 silly audit   inherits: [ '2.0.4' ],
15 silly audit   'ipaddr.js': [ '1.9.1' ],
15 silly audit   'is-arrayish': [ '0.2.1' ],
15 silly audit   'is-binary-path': [ '2.1.0' ],
15 silly audit   'is-extglob': [ '2.1.1' ],
15 silly audit   'is-fullwidth-code-point': [ '3.0.0' ],
15 silly audit   'is-glob': [ '4.0.3' ],
15 silly audit   'is-interactive': [ '1.0.0' ],
15 silly audit   'is-number': [ '7.0.0' ],
15 silly audit   'is-path-inside': [ '3.0.3' ],
15 silly audit   'is-unicode-supported': [ '0.1.0' ],
15 silly audit   isexe: [ '2.0.0' ],
15 silly audit   iterare: [ '1.2.1' ],
15 silly audit   jackspeak: [ '3.4.3' ],
15 silly audit   'jest-worker': [ '27.5.1' ],
15 silly audit   'supports-color': [ '8.1.1', '7.2.0' ],
15 silly audit   'js-tokens': [ '4.0.0' ],
15 silly audit   'js-yaml': [ '4.1.0' ],
15 silly audit   'json-buffer': [ '3.0.1' ],
15 silly audit   'json-parse-even-better-errors': [ '2.3.1' ],
15 silly audit   'json-stable-stringify-without-jsonify': [ '1.0.1' ],
15 silly audit   json5: [ '2.2.3' ],
15 silly audit   jsonfile: [ '6.2.0' ],
15 silly audit   keyv: [ '4.5.4' ],
15 silly audit   levn: [ '0.4.1' ],
15 silly audit   'libphonenumber-js': [ '1.12.17' ],
15 silly audit   'lines-and-columns': [ '1.2.4' ],
15 silly audit   'loader-runner': [ '4.3.0' ],
15 silly audit   'locate-path': [ '6.0.0' ],
15 silly audit   lodash: [ '4.17.21' ],
15 silly audit   'lodash.merge': [ '4.6.2' ],
15 silly audit   'log-symbols': [ '4.1.0' ],
15 silly audit   'lru-cache': [ '10.4.3' ],
15 silly audit   'magic-string': [ '0.30.8' ],
15 silly audit   'make-error': [ '1.3.6' ],
15 silly audit   'math-intrinsics': [ '1.1.0' ],
15 silly audit   'media-typer': [ '0.3.0' ],
15 silly audit   memfs: [ '3.5.3' ],
15 silly audit   'merge-descriptors': [ '1.0.3' ],
15 silly audit   'merge-stream': [ '2.0.0' ],
15 silly audit   methods: [ '1.1.2' ],
15 silly audit   mime: [ '1.6.0' ],
15 silly audit   'mime-db': [ '1.52.0' ],
15 silly audit   'mime-types': [ '2.1.35' ],
15 silly audit   'mimic-fn': [ '2.1.0' ],
15 silly audit   minimist: [ '1.2.8' ],
15 silly audit   minipass: [ '7.1.2' ],
15 silly audit   mkdirp: [ '0.5.6' ],
15 silly audit   multer: [ '2.0.2' ],
15 silly audit   'natural-compare': [ '1.4.0' ],
15 silly audit   negotiator: [ '0.6.3' ],
15 silly audit   'neo-async': [ '2.6.2' ],
15 silly audit   'node-abort-controller': [ '3.1.1' ],
15 silly audit   'node-emoji': [ '1.11.0' ],
15 silly audit   'node-fetch': [ '2.7.0' ],
15 silly audit   'node-releases': [ '2.0.21' ],
15 silly audit   'normalize-path': [ '3.0.0' ],
15 silly audit   'object-assign': [ '4.1.1' ],
15 silly audit   'object-inspect': [ '1.13.4' ],
15 silly audit   'on-finished': [ '2.4.1' ],
15 silly audit   once: [ '1.4.0' ],
15 silly audit   onetime: [ '5.1.2' ],
15 silly audit   optionator: [ '0.9.4' ],
15 silly audit   ora: [ '5.4.1' ],
15 silly audit   'os-tmpdir': [ '1.0.2' ],
15 silly audit   'p-limit': [ '3.1.0' ],
15 silly audit   'p-locate': [ '5.0.0' ],
15 silly audit   'package-json-from-dist': [ '1.0.1' ],
15 silly audit   'parent-module': [ '1.0.1' ],
15 silly audit   'parse-json': [ '5.2.0' ],
15 silly audit   parseurl: [ '1.3.3' ],
15 silly audit   'path-exists': [ '4.0.0' ],
15 silly audit   'path-is-absolute': [ '1.0.1' ],
15 silly audit   'path-key': [ '3.1.1' ],
15 silly audit   'path-scurry': [ '1.11.1' ],
15 silly audit   'path-type': [ '4.0.0' ],
15 silly audit   picocolors: [ '1.1.1' ],
15 silly audit   pluralize: [ '8.0.0' ],
15 silly audit   'prelude-ls': [ '1.2.1' ],
15 silly audit   prettier: [ '3.6.2' ],
15 silly audit   'prettier-linter-helpers': [ '1.0.0' ],
15 silly audit   'proxy-addr': [ '2.0.7' ],
15 silly audit   punycode: [ '2.3.1' ],
15 silly audit   qs: [ '6.13.0' ],
15 silly audit   'queue-microtask': [ '1.2.3' ],
15 silly audit   randombytes: [ '2.1.0' ],
15 silly audit   'range-parser': [ '1.2.1' ],
15 silly audit   'raw-body': [ '2.5.2' ],
15 silly audit   'readable-stream': [ '3.6.2' ],
15 silly audit   readdirp: [ '3.6.0' ],
15 silly audit   'reflect-metadata': [ '0.1.14' ],
15 silly audit   'repeat-string': [ '1.6.1' ],
15 silly audit   'require-from-string': [ '2.0.2' ],
15 silly audit   'resolve-from': [ '4.0.0' ],
15 silly audit   'restore-cursor': [ '3.1.0' ],
15 silly audit   'signal-exit': [ '3.0.7', '4.1.0' ],
15 silly audit   reusify: [ '1.1.0' ],
15 silly audit   rimraf: [ '3.0.2' ],
15 silly audit   'run-parallel': [ '1.2.0' ],
15 silly audit   'safe-buffer': [ '5.2.1' ],
15 silly audit   'safer-buffer': [ '2.1.2' ],
15 silly audit   'schema-utils': [ '3.3.0', '4.3.2' ],
15 silly audit   semver: [ '7.7.2' ],
15 silly audit   send: [ '0.19.0' ],
15 silly audit   'serialize-javascript': [ '6.0.2' ],
15 silly audit   'serve-static': [ '1.16.2' ],
15 silly audit   'set-function-length': [ '1.2.2' ],
15 silly audit   setprototypeof: [ '1.2.0' ],
15 silly audit   'shebang-command': [ '2.0.0' ],
15 silly audit   'shebang-regex': [ '3.0.0' ],
15 silly audit   'side-channel': [ '1.1.0' ],
15 silly audit   'side-channel-list': [ '1.0.0' ],
15 silly audit   'side-channel-map': [ '1.0.1' ],
15 silly audit   'side-channel-weakmap': [ '1.0.2' ],
15 silly audit   'source-map': [ '0.7.4', '0.6.1' ],
15 silly audit   'source-map-support': [ '0.5.21' ],
15 silly audit   statuses: [ '2.0.1' ],
15 silly audit   streamsearch: [ '1.1.0' ],
15 silly audit   string_decoder: [ '1.3.0' ],
15 silly audit   'strip-bom': [ '3.0.0' ],
15 silly audit   'strip-json-comments': [ '3.1.1' ],
15 silly audit   strtok3: [ '10.3.4' ],
15 silly audit   'symbol-observable': [ '4.0.0' ],
15 silly audit   synckit: [ '0.11.11' ],
15 silly audit   tapable: [ '2.2.3' ],
15 silly audit   terser: [ '5.44.0' ],
15 silly audit   'terser-webpack-plugin': [ '5.3.14' ],
15 silly audit   'text-table': [ '0.2.0' ],
15 silly audit   through: [ '2.3.8' ],
15 silly audit   tmp: [ '0.0.33' ],
15 silly audit   'to-regex-range': [ '5.0.1' ],
15 silly audit   toidentifier: [ '1.0.1' ],
15 silly audit   'token-types': [ '6.1.1' ],
15 silly audit   tr46: [ '0.0.3' ],
15 silly audit   'tree-kill': [ '1.2.2' ],
15 silly audit   'ts-node': [ '10.9.2' ],
15 silly audit   'tsconfig-paths': [ '4.2.0' ],
15 silly audit   'tsconfig-paths-webpack-plugin': [ '4.2.0' ],
15 silly audit   tslib: [ '2.8.1' ],
15 silly audit   'type-check': [ '0.4.0' ],
15 silly audit   'type-is': [ '1.6.18' ],
15 silly audit   typedarray: [ '0.0.6' ],
15 silly audit   uid: [ '2.0.2' ],
15 silly audit   'uint8array-extras': [ '1.5.0' ],
15 silly audit   'undici-types': [ '6.21.0' ],
15 silly audit   universalify: [ '2.0.1' ],
15 silly audit   unpipe: [ '1.0.0' ],
15 silly audit   'update-browserslist-db': [ '1.1.3' ],
15 silly audit   'uri-js': [ '4.4.1' ],
15 silly audit   'util-deprecate': [ '1.0.2' ],
15 silly audit   'utils-merge': [ '1.0.1' ],
15 silly audit   'v8-compile-cache-lib': [ '3.0.1' ],
15 silly audit   validator: [ '13.15.15' ],
15 silly audit   vary: [ '1.1.2' ],
15 silly audit   watchpack: [ '2.4.4' ],
15 silly audit   wcwidth: [ '1.0.1' ],
15 silly audit   'webidl-conversions': [ '3.0.1' ],
15 silly audit   webpack: [ '5.97.1' ],
15 silly audit   'webpack-node-externals': [ '3.0.0' ],
15 silly audit   'webpack-sources': [ '3.3.3' ],
15 silly audit   'whatwg-url': [ '5.0.0' ],
15 silly audit   which: [ '2.0.2' ],
15 silly audit   'word-wrap': [ '1.2.5' ],
15 silly audit   wrappy: [ '1.0.2' ],
15 silly audit   ws: [ '8.18.3' ],
15 silly audit   xtend: [ '4.0.2' ],
15 silly audit   'yargs-parser': [ '21.1.1' ],
15 silly audit   yn: [ '3.1.1' ],
15 silly audit   'yocto-queue': [ '0.1.0' ]
15 silly audit }
16 http cache fsevents@https://registry.npmjs.org/fsevents/-/fsevents-2.3.3.tgz 1ms (cache hit)
17 http fetch POST 200 https://registry.npmjs.org/-/npm/v1/security/advisories/bulk 360ms
18 silly audit report {
18 silly audit report   tmp: [
18 silly audit report     {
18 silly audit report       id: 1106849,
18 silly audit report       url: 'https://github.com/advisories/GHSA-52f5-9888-hmc6',
18 silly audit report       title: 'tmp allows arbitrary temporary file / directory write via symbolic link `dir` parameter',
18 silly audit report       severity: 'low',
18 silly audit report       vulnerable_versions: '<=0.2.3',
18 silly audit report       cwe: [Array],
18 silly audit report       cvss: [Object]
18 silly audit report     }
18 silly audit report   ]
18 silly audit report }
19 silly packumentCache corgi:https://registry.npmjs.org/tmp cache-miss
20 http cache https://registry.npmjs.org/tmp 8ms (cache hit)
21 silly packumentCache corgi:https://registry.npmjs.org/tmp set size:23979 disposed:false
22 silly packumentCache corgi:https://registry.npmjs.org/external-editor cache-miss
23 http cache https://registry.npmjs.org/external-editor 3ms (cache hit)
24 silly packumentCache corgi:https://registry.npmjs.org/external-editor set size:17808 disposed:false
25 silly packumentCache corgi:https://registry.npmjs.org/inquirer cache-miss
26 http cache https://registry.npmjs.org/inquirer 3ms (cache hit)
27 silly packumentCache corgi:https://registry.npmjs.org/inquirer set size:245942 disposed:false
28 silly packumentCache corgi:https://registry.npmjs.org/@angular-devkit%2fschematics-cli cache-miss
29 silly packumentCache corgi:https://registry.npmjs.org/@nestjs%2fcli cache-miss
30 http cache https://registry.npmjs.org/@nestjs%2fcli 4ms (cache hit)
31 silly packumentCache corgi:https://registry.npmjs.org/@nestjs%2fcli set size:537463 disposed:false
32 http cache https://registry.npmjs.org/@angular-devkit%2fschematics-cli 9ms (cache hit)
33 silly packumentCache corgi:https://registry.npmjs.org/@angular-devkit%2fschematics-cli set size:1250873 disposed:false
34 silly ADD node_modules/fsevents
35 verbose cwd /Users/cepl/Desktop/personalProjects/rmnpj
36 verbose os Darwin 23.6.0
37 verbose node v22.16.0
38 verbose npm  v10.9.2
39 verbose exit 0
40 info ok
